Using pre-set license
Built from '2021.2/release' branch; Version is '2021.2.0f1 (4bf1ec4b23c9) revision 4977132'; Using compiler version '192829333'; Build Type 'Release'
OS: 'Windows 10 Pro; OS build 19042.1348; Version 2009; 64bit' Language: 'de' Physical Memory: 32728 MB
BatchMode: 1, IsHumanControllingUs: 0, StartBugReporterOnCrash: 0, Is64bit: 1, IsPro: 0

COMMAND LINE ARGUMENTS:
C:\Program Files\Unity\Hub\Editor\2021.2.0f1\Editor\Unity.exe
-adb2
-batchMode
-noUpm
-name
AssetImportWorker0
-projectPath
C:/git/unity/guid-based-reference
-logFile
Logs/AssetImportWorker0.log
-srvPort
58180
Successfully changed project path to: C:/git/unity/guid-based-reference
C:/git/unity/guid-based-reference
[UnityMemory] Configuration Parameters - Can be set up in boot.config
    "memorysetup-bucket-allocator-granularity=16"
    "memorysetup-bucket-allocator-bucket-count=8"
    "memorysetup-bucket-allocator-block-size=33554432"
    "memorysetup-bucket-allocator-block-count=8"
    "memorysetup-main-allocator-block-size=16777216"
    "memorysetup-thread-allocator-block-size=16777216"
    "memorysetup-gfx-main-allocator-block-size=16777216"
    "memorysetup-gfx-thread-allocator-block-size=16777216"
    "memorysetup-cache-allocator-block-size=4194304"
    "memorysetup-typetree-allocator-block-size=2097152"
    "memorysetup-profiler-bucket-allocator-granularity=16"
    "memorysetup-profiler-bucket-allocator-bucket-count=8"
    "memorysetup-profiler-bucket-allocator-block-size=33554432"
    "memorysetup-profiler-bucket-allocator-block-count=8"
    "memorysetup-profiler-allocator-block-size=16777216"
    "memorysetup-profiler-editor-allocator-block-size=1048576"
    "memorysetup-temp-allocator-size-main=16777216"
    "memorysetup-job-temp-allocator-block-size=2097152"
    "memorysetup-job-temp-allocator-block-size-background=1048576"
    "memorysetup-job-temp-allocator-reduction-small-platforms=262144"
    "memorysetup-temp-allocator-size-background-worker=32768"
    "memorysetup-temp-allocator-size-job-worker=262144"
    "memorysetup-temp-allocator-size-preload-manager=33554432"
    "memorysetup-temp-allocator-size-nav-mesh-worker=65536"
    "memorysetup-temp-allocator-size-audio-worker=65536"
    "memorysetup-temp-allocator-size-cloud-worker=32768"
    "memorysetup-temp-allocator-size-gi-baking-worker=262144"
    "memorysetup-temp-allocator-size-gfx=262144"
Refreshing native plugins compatible for Editor in 133.67 ms, found 3 plugins.
Preloading 0 native plugins for Editor in 0.00 ms.
Initialize engine version: 2021.2.0f1 (4bf1ec4b23c9)
[Subsystems] Discovering subsystems at path C:/Program Files/Unity/Hub/Editor/2021.2.0f1/Editor/Data/Resources/UnitySubsystems
[Subsystems] Discovering subsystems at path C:/git/unity/guid-based-reference/Assets
GfxDevice: creating device client; threaded=0; jobified=0
Direct3D:
    Version:  Direct3D 11.0 [level 11.1]
    Renderer: NVIDIA GeForce GTX 980M (ID=0x1617)
    Vendor:   NVIDIA
    VRAM:     8144 MB
    Driver:   27.21.14.6192
Initialize mono
Mono path[0] = 'C:/Program Files/Unity/Hub/Editor/2021.2.0f1/Editor/Data/Managed'
Mono path[1] = 'C:/Program Files/Unity/Hub/Editor/2021.2.0f1/Editor/Data/MonoBleedingEdge/lib/mono/unityjit-win32'
Mono config path = 'C:/Program Files/Unity/Hub/Editor/2021.2.0f1/Editor/Data/MonoBleedingEdge/etc'
Using monoOptions --debugger-agent=transport=dt_socket,embedding=1,server=y,suspend=n,address=127.0.0.1:56464
Begin MonoManager ReloadAssembly
Registering precompiled unity dll's ...
Register platform support module: C:/Program Files/Unity/Hub/Editor/2021.2.0f1/Editor/Data/PlaybackEngines/WebGLSupport/UnityEditor.WebGL.Extensions.dll
Register platform support module: C:/Program Files/Unity/Hub/Editor/2021.2.0f1/Editor/Data/PlaybackEngines/WindowsStandaloneSupport/UnityEditor.WindowsStandalone.Extensions.dll
Register platform support module: C:/Program Files/Unity/Hub/Editor/2021.2.0f1/Editor/Data/PlaybackEngines/LinuxStandaloneSupport/UnityEditor.LinuxStandalone.Extensions.dll
Registered in 0.012429 seconds.
Native extension for LinuxStandalone target not found
Native extension for WindowsStandalone target not found
Native extension for WebGL target not found
Refreshing native plugins compatible for Editor in 97.82 ms, found 3 plugins.
Preloading 0 native plugins for Editor in 0.00 ms.
Mono: successfully reloaded assembly
- Completed reload, in  1.314 seconds
Domain Reload Profiling:
	ReloadAssembly (1314ms)
		BeginReloadAssembly (112ms)
			ExecutionOrderSort (0ms)
			DisableScriptedObjects (0ms)
			BackupInstance (0ms)
			ReleaseScriptingObjects (0ms)
			CreateAndSetChildDomain (1ms)
		EndReloadAssembly (631ms)
			LoadAssemblies (108ms)
			RebuildTransferFunctionScriptingTraits (0ms)
			SetupTypeCache (133ms)
			ReleaseScriptCaches (0ms)
			RebuildScriptCaches (42ms)
			SetupLoadedEditorAssemblies (388ms)
				LogAssemblyErrors (0ms)
				InitializePlatformSupportModulesInManaged (15ms)
				SetLoadedEditorAssemblies (0ms)
				RefreshPlugins (98ms)
				BeforeProcessingInitializeOnLoad (2ms)
				ProcessInitializeOnLoadAttributes (204ms)
				ProcessInitializeOnLoadMethodAttributes (68ms)
				AfterProcessingInitializeOnLoad (0ms)
				EditorAssembliesLoaded (0ms)
			ExecutionOrderSort2 (0ms)
			AwakeInstancesAfterBackupRestoration (0ms)
Platform modules already initialized, skipping
Registering precompiled user dll's ...
Registered in 0.007888 seconds.
Begin MonoManager ReloadAssembly
Symbol file LoadedFromMemory doesn't match image C:\git\unity\guid-based-reference\Library\PackageCache\com.unity.visualscripting@1.7.2\Editor\VisualScripting.Core\Dependencies\YamlDotNet\Unity.VisualScripting.YamlDotNet.dll
Symbol file LoadedFromMemory doesn't match image C:\git\unity\guid-based-reference\Library\PackageCache\com.unity.visualscripting@1.7.2\Editor\VisualScripting.Core\Dependencies\DotNetZip\Unity.VisualScripting.IonicZip.dll
Native extension for LinuxStandalone target not found
Native extension for WindowsStandalone target not found
Native extension for WebGL target not found
Refreshing native plugins compatible for Editor in 0.63 ms, found 3 plugins.
Preloading 0 native plugins for Editor in 0.00 ms.
Mono: successfully reloaded assembly
- Completed reload, in  1.749 seconds
Domain Reload Profiling:
	ReloadAssembly (1750ms)
		BeginReloadAssembly (285ms)
			ExecutionOrderSort (0ms)
			DisableScriptedObjects (9ms)
			BackupInstance (0ms)
			ReleaseScriptingObjects (0ms)
			CreateAndSetChildDomain (33ms)
		EndReloadAssembly (1313ms)
			LoadAssemblies (153ms)
			RebuildTransferFunctionScriptingTraits (0ms)
			SetupTypeCache (314ms)
			ReleaseScriptCaches (1ms)
			RebuildScriptCaches (141ms)
			SetupLoadedEditorAssemblies (556ms)
				LogAssemblyErrors (0ms)
				InitializePlatformSupportModulesInManaged (24ms)
				SetLoadedEditorAssemblies (1ms)
				RefreshPlugins (1ms)
				BeforeProcessingInitializeOnLoad (118ms)
				ProcessInitializeOnLoadAttributes (365ms)
				ProcessInitializeOnLoadMethodAttributes (34ms)
				AfterProcessingInitializeOnLoad (14ms)
				EditorAssembliesLoaded (0ms)
			ExecutionOrderSort2 (0ms)
			AwakeInstancesAfterBackupRestoration (9ms)
Platform modules already initialized, skipping
========================================================================
Worker process is ready to serve import requests
Launched and connected shader compiler UnityShaderCompiler.exe after 0.09 seconds
Refreshing native plugins compatible for Editor in 0.97 ms, found 3 plugins.
Preloading 0 native plugins for Editor in 0.00 ms.
Unloading 3086 Unused Serialized files (Serialized files now loaded: 0)
Unloading 23 unused Assets / (55.8 KB). Loaded Objects now: 3545.
Memory consumption went from 112.2 MB to 112.2 MB.
Total: 3.811900 ms (FindLiveObjects: 0.250200 ms CreateObjectMapping: 0.183100 ms MarkObjects: 3.293800 ms  DeleteObjects: 0.083600 ms)

AssetImportParameters requested are different than current active one (requested -> active):
  custom:video-decoder-ogg-theora: a1e56fd34408186e4bbccfd4996cb3dc -> 
  custom:container-muxer-webm: aa71ff27fc2769a1b78a27578f13a17b -> 
  custom:container-demuxer-webm: 4f35f7cbe854078d1ac9338744f61a02 -> 
  custom:video-encoder-webm-vp8: eb34c28f22e8b96e1ab97ce403110664 -> 
  custom:audio-encoder-webm-vorbis: bf7c407c2cedff20999df2af8eb42d56 -> 
  custom:framework-win-MediaFoundation: 216162199b28c13a410421893ffa2e32 -> 
  custom:container-demuxer-ogg: 62fdf1f143b41e24485cea50d1cbac27 -> 
  custom:video-decoder-webm-vp8: 9c59270c3fd7afecdb556c50c9e8de78 -> 
  custom:audio-decoder-ogg-vorbis: bf7c407c2cedff20999df2af8eb42d56 -> 
========================================================================
Received Import Request.
  Time since last request: 94573.716132 seconds.
  path: Packages/com.noobygames.guid-based-reference/Editor
  artifactKey: Guid(ab3f0d3c87f4e4542b3fca67cd6ae5e8) Importer(815301076,1909f56bfc062723c751e8b465ee728b)
Start importing Packages/com.noobygames.guid-based-reference/Editor using Guid(ab3f0d3c87f4e4542b3fca67cd6ae5e8) Importer(815301076,1909f56bfc062723c751e8b465ee728b)  -> (artifact id: '89ee03ab89d3432e16881e234afeddd8') in 0.011866 seconds 
========================================================================
Received Import Request.
  Time since last request: 29.095971 seconds.
  path: Packages/com.noobygames.guid-based-reference/Editor/noobygames.guid-based-reference.editor.asmdef
  artifactKey: Guid(a9a6465cdc513ff419fedb2888e7a689) Importer(815301076,1909f56bfc062723c751e8b465ee728b)
Start importing Packages/com.noobygames.guid-based-reference/Editor/noobygames.guid-based-reference.editor.asmdef using Guid(a9a6465cdc513ff419fedb2888e7a689) Importer(815301076,1909f56bfc062723c751e8b465ee728b)  -> (artifact id: '17a0f24816d55c81cd1e68730ab2e0f0') in 0.049288 seconds 
========================================================================
Received Import Request.
  Time since last request: 12.228283 seconds.
  path: Packages/com.noobygames.guid-based-reference/Runtime
  artifactKey: Guid(020e5b1d051f1754498ff5a352de74dc) Importer(815301076,1909f56bfc062723c751e8b465ee728b)
Start importing Packages/com.noobygames.guid-based-reference/Runtime using Guid(020e5b1d051f1754498ff5a352de74dc) Importer(815301076,1909f56bfc062723c751e8b465ee728b)  -> (artifact id: '5a5beca0a604093249b10dd9a242571f') in 0.007947 seconds 
========================================================================
Received Import Request.
  Time since last request: 14.732831 seconds.
  path: Packages/com.noobygames.guid-based-reference/Runtime/noobygames.guid-based-reference.runtime.asmdef
  artifactKey: Guid(c4ac39cb6239e8e49bae4c3b45d56d7d) Importer(815301076,1909f56bfc062723c751e8b465ee728b)
Start importing Packages/com.noobygames.guid-based-reference/Runtime/noobygames.guid-based-reference.runtime.asmdef using Guid(c4ac39cb6239e8e49bae4c3b45d56d7d) Importer(815301076,1909f56bfc062723c751e8b465ee728b)  -> (artifact id: '4432b413868551fe23ffb777316b1e99') in 0.010317 seconds 
========================================================================
Received Import Request.
  Time since last request: 2.157715 seconds.
  path: Packages/com.noobygames.guid-based-reference/Samples
  artifactKey: Guid(104046076828f4d46812aeed0183ae79) Importer(815301076,1909f56bfc062723c751e8b465ee728b)
Start importing Packages/com.noobygames.guid-based-reference/Samples using Guid(104046076828f4d46812aeed0183ae79) Importer(815301076,1909f56bfc062723c751e8b465ee728b)  -> (artifact id: '685d66d8a1036fbeafc560b01be01536') in 0.006244 seconds 
========================================================================
Received Import Request.
  Time since last request: 11.335830 seconds.
  path: Packages/com.noobygames.guid-based-reference/Samples/noobygames.guid-based-reference.samples.asmdef
  artifactKey: Guid(ade3c4f0028bc3e45ab168d98c27edcf) Importer(815301076,1909f56bfc062723c751e8b465ee728b)
Start importing Packages/com.noobygames.guid-based-reference/Samples/noobygames.guid-based-reference.samples.asmdef using Guid(ade3c4f0028bc3e45ab168d98c27edcf) Importer(815301076,1909f56bfc062723c751e8b465ee728b)  -> (artifact id: '71a40e71b0cd8a1f5e1a96a420e0d1d7') in 0.011764 seconds 
========================================================================
Received Import Request.
  Time since last request: 39.369669 seconds.
  path: Packages/com.noobygames.guid-based-reference/Tests
  artifactKey: Guid(8181887cd9cd2ae4cb92941c5ab88958) Importer(815301076,1909f56bfc062723c751e8b465ee728b)
Start importing Packages/com.noobygames.guid-based-reference/Tests using Guid(8181887cd9cd2ae4cb92941c5ab88958) Importer(815301076,1909f56bfc062723c751e8b465ee728b)  -> (artifact id: '42e07e4e9d5dbc1a99feca46ac873f3c') in 0.051982 seconds 
========================================================================
Received Import Request.
  Time since last request: 9.674332 seconds.
  path: Packages/com.noobygames.guid-based-reference/Tests/noobygames.guid-based-reference.tests.asmdef
  artifactKey: Guid(f5608f24cee9de14aa29a7f8148f75c7) Importer(815301076,1909f56bfc062723c751e8b465ee728b)
Start importing Packages/com.noobygames.guid-based-reference/Tests/noobygames.guid-based-reference.tests.asmdef using Guid(f5608f24cee9de14aa29a7f8148f75c7) Importer(815301076,1909f56bfc062723c751e8b465ee728b)  -> (artifact id: 'f957cfee678645d9fdce71489d158ffb') in 0.008647 seconds 
========================================================================
Received Import Request.
  Time since last request: 225.995100 seconds.
  path: Packages/com.noobygames.guid-based-reference/Editor/noobygames.guid-based-reference.editor.asmdef
  artifactKey: Guid(a9a6465cdc513ff419fedb2888e7a689) Importer(815301076,1909f56bfc062723c751e8b465ee728b)
Start importing Packages/com.noobygames.guid-based-reference/Editor/noobygames.guid-based-reference.editor.asmdef using Guid(a9a6465cdc513ff419fedb2888e7a689) Importer(815301076,1909f56bfc062723c751e8b465ee728b)  -> (artifact id: 'a8dd944e07af1b5579ef375ebd752734') in 0.011093 seconds 
========================================================================
Received Import Request.
  Time since last request: 62.252016 seconds.
  path: Packages/com.noobygames.guid-based-reference/Editor/noobygames.guid-based-reference.editor.asmdef
  artifactKey: Guid(a9a6465cdc513ff419fedb2888e7a689) Importer(815301076,1909f56bfc062723c751e8b465ee728b)
Start importing Packages/com.noobygames.guid-based-reference/Editor/noobygames.guid-based-reference.editor.asmdef using Guid(a9a6465cdc513ff419fedb2888e7a689) Importer(815301076,1909f56bfc062723c751e8b465ee728b)  -> (artifact id: 'acd0d746688a92b0703fad98460f33ba') in 0.005291 seconds 
========================================================================
Received Import Request.
  Time since last request: 65.114871 seconds.
  path: Packages/com.noobygames.guid-based-reference/Editor/noobygames.guid-based-reference.editor.asmdef
  artifactKey: Guid(a9a6465cdc513ff419fedb2888e7a689) Importer(815301076,1909f56bfc062723c751e8b465ee728b)
Start importing Packages/com.noobygames.guid-based-reference/Editor/noobygames.guid-based-reference.editor.asmdef using Guid(a9a6465cdc513ff419fedb2888e7a689) Importer(815301076,1909f56bfc062723c751e8b465ee728b)  -> (artifact id: 'b64400d9e824136401f9c5ed3062f9de') in 0.007985 seconds 
========================================================================
Received Prepare
Registering precompiled user dll's ...
Registered in 0.007414 seconds.
Begin MonoManager ReloadAssembly
Symbol file LoadedFromMemory doesn't match image C:\git\unity\guid-based-reference\Library\PackageCache\com.unity.visualscripting@1.7.2\Editor\VisualScripting.Core\Dependencies\YamlDotNet\Unity.VisualScripting.YamlDotNet.dll
Symbol file LoadedFromMemory doesn't match image C:\git\unity\guid-based-reference\Library\PackageCache\com.unity.visualscripting@1.7.2\Editor\VisualScripting.Core\Dependencies\DotNetZip\Unity.VisualScripting.IonicZip.dll
Native extension for LinuxStandalone target not found
Native extension for WindowsStandalone target not found
Native extension for WebGL target not found
Refreshing native plugins compatible for Editor in 1.97 ms, found 3 plugins.
Preloading 0 native plugins for Editor in 0.00 ms.
Mono: successfully reloaded assembly
- Completed reload, in  1.624 seconds
Domain Reload Profiling:
	ReloadAssembly (1625ms)
		BeginReloadAssembly (174ms)
			ExecutionOrderSort (0ms)
			DisableScriptedObjects (7ms)
			BackupInstance (0ms)
			ReleaseScriptingObjects (0ms)
			CreateAndSetChildDomain (53ms)
		EndReloadAssembly (1307ms)
			LoadAssemblies (102ms)
			RebuildTransferFunctionScriptingTraits (0ms)
			SetupTypeCache (306ms)
			ReleaseScriptCaches (1ms)
			RebuildScriptCaches (60ms)
			SetupLoadedEditorAssemblies (665ms)
				LogAssemblyErrors (0ms)
				InitializePlatformSupportModulesInManaged (26ms)
				SetLoadedEditorAssemblies (1ms)
				RefreshPlugins (2ms)
				BeforeProcessingInitializeOnLoad (140ms)
				ProcessInitializeOnLoadAttributes (436ms)
				ProcessInitializeOnLoadMethodAttributes (47ms)
				AfterProcessingInitializeOnLoad (13ms)
				EditorAssembliesLoaded (0ms)
			ExecutionOrderSort2 (0ms)
			AwakeInstancesAfterBackupRestoration (11ms)
Platform modules already initialized, skipping
Refreshing native plugins compatible for Editor in 1.40 ms, found 3 plugins.
Preloading 0 native plugins for Editor in 0.00 ms.
Unloading 3079 Unused Serialized files (Serialized files now loaded: 0)
Unloading 19 unused Assets / (24.6 KB). Loaded Objects now: 3546.
Memory consumption went from 112.0 MB to 112.0 MB.
Total: 3.151200 ms (FindLiveObjects: 0.279600 ms CreateObjectMapping: 0.214400 ms MarkObjects: 2.625600 ms  DeleteObjects: 0.030200 ms)

AssetImportParameters requested are different than current active one (requested -> active):
  custom:video-decoder-ogg-theora: a1e56fd34408186e4bbccfd4996cb3dc -> 
  custom:container-muxer-webm: aa71ff27fc2769a1b78a27578f13a17b -> 
  custom:container-demuxer-webm: 4f35f7cbe854078d1ac9338744f61a02 -> 
  custom:video-encoder-webm-vp8: eb34c28f22e8b96e1ab97ce403110664 -> 
  custom:audio-encoder-webm-vorbis: bf7c407c2cedff20999df2af8eb42d56 -> 
  custom:framework-win-MediaFoundation: 216162199b28c13a410421893ffa2e32 -> 
  custom:container-demuxer-ogg: 62fdf1f143b41e24485cea50d1cbac27 -> 
  custom:video-decoder-webm-vp8: 9c59270c3fd7afecdb556c50c9e8de78 -> 
  custom:audio-decoder-ogg-vorbis: bf7c407c2cedff20999df2af8eb42d56 -> 
========================================================================
Received Import Request.
  Time since last request: 140.628198 seconds.
  path: Packages/com.noobygames.guid-based-reference/Tests/noobygames.guid-based-reference.tests.asmdef
  artifactKey: Guid(f5608f24cee9de14aa29a7f8148f75c7) Importer(815301076,1909f56bfc062723c751e8b465ee728b)
Start importing Packages/com.noobygames.guid-based-reference/Tests/noobygames.guid-based-reference.tests.asmdef using Guid(f5608f24cee9de14aa29a7f8148f75c7) Importer(815301076,1909f56bfc062723c751e8b465ee728b)  -> (artifact id: 'ba5d11b249a7c5ef6f8b109e6bb44266') in 0.010972 seconds 
